DEBUG 2022-12-10 12:27:56,883 (C:\Users\Administrator\repos\Convert-SQL-Server-to-SQLite\DbAccess\SqlServerToSQLite.cs:842) - parsed table schema for [YardiTOSLog]
DEBUG 2022-12-10 12:27:57,273 (C:\Users\Administrator\repos\Convert-SQL-Server-to-SQLite\DbAccess\SqlServerToSQLite.cs:842) - parsed table schema for [PREMPHRS]
DEBUG 2022-12-10 12:27:57,630 (C:\Users\Administrator\repos\Convert-SQL-Server-to-SQLite\DbAccess\SqlServerToSQLite.cs:842) - parsed table schema for [SeniorEventMailConfig]
DEBUG 2022-12-10 12:27:57,988 (C:\Users\Administrator\repos\Convert-SQL-Server-to-SQLite\DbAccess\SqlServerToSQLite.cs:842) - parsed table schema for [SeniorIncidentResidentCondition]
DEBUG 2022-12-10 12:27:58,530 (C:\Users\Administrator\repos\Convert-SQL-Server-to-SQLite\DbAccess\SqlServerToSQLite.cs:842) - parsed table schema for [H8EIDHistory]
DEBUG 2022-12-10 12:27:58,863 (C:\Users\Administrator\repos\Convert-SQL-Server-to-SQLite\DbAccess\SqlServerToSQLite.cs:842) - parsed table schema for [SeniorPOSSecondResidentServices]
DEBUG 2022-12-10 12:27:59,426 (C:\Users\Administrator\repos\Convert-SQL-Server-to-SQLite\DbAccess\SqlServerToSQLite.cs:842) - parsed table schema for [IPlusWFStep]
DEBUG 2022-12-10 12:27:59,757 (C:\Users\Administrator\repos\Convert-SQL-Server-to-SQLite\DbAccess\SqlServerToSQLite.cs:842) - parsed table schema for [ImportCommCustomer]
DEBUG 2022-12-10 12:28:00,127 (C:\Users\Administrator\repos\Convert-SQL-Server-to-SQLite\DbAccess\SqlServerToSQLite.cs:842) - parsed table schema for [DCFResUnitType]
DEBUG 2022-12-10 12:28:00,480 (C:\Users\Administrator\repos\Convert-SQL-Server-to-SQLite\DbAccess\SqlServerToSQLite.cs:842) - parsed table schema for [VISTAFILEACCESS]
DEBUG 2022-12-10 12:28:00,820 (C:\Users\Administrator\repos\Convert-SQL-Server-to-SQLite\DbAccess\SqlServerToSQLite.cs:842) - parsed table schema for [ResCrmTemplateDetailFirstContactXRef]
DEBUG 2022-12-10 12:28:01,159 (C:\Users\Administrator\repos\Convert-SQL-Server-to-SQLite\DbAccess\SqlServerToSQLite.cs:842) - parsed table schema for [AuditTable]
DEBUG 2022-12-10 12:28:01,489 (C:\Users\Administrator\repos\Convert-SQL-Server-to-SQLite\DbAccess\SqlServerToSQLite.cs:842) - parsed table schema for [UtilityMeterType]
DEBUG 2022-12-10 12:28:02,043 (C:\Users\Administrator\repos\Convert-SQL-Server-to-SQLite\DbAccess\SqlServerToSQLite.cs:842) - parsed table schema for [DCFBatch]
DEBUG 2022-12-10 12:28:02,367 (C:\Users\Administrator\repos\Convert-SQL-Server-to-SQLite\DbAccess\SqlServerToSQLite.cs:842) - parsed table schema for [SeniorOrderLab]
DEBUG 2022-12-10 12:28:02,692 (C:\Users\Administrator\repos\Convert-SQL-Server-to-SQLite\DbAccess\SqlServerToSQLite.cs:842) - parsed table schema for [InvoiceImages_Me]
DEBUG 2022-12-10 12:28:03,034 (C:\Users\Administrator\repos\Convert-SQL-Server-to-SQLite\DbAccess\SqlServerToSQLite.cs:842) - parsed table schema for [FFDownloadMain]
DEBUG 2022-12-10 12:28:03,380 (C:\Users\Administrator\repos\Convert-SQL-Server-to-SQLite\DbAccess\SqlServerToSQLite.cs:842) - parsed table schema for [iPlusEntityCreatedXref]
DEBUG 2022-12-10 12:28:03,930 (C:\Users\Administrator\repos\Convert-SQL-Server-to-SQLite\DbAccess\SqlServerToSQLite.cs:842) - parsed table schema for [SeniorCareGiverResident]
DEBUG 2022-12-10 12:28:04,254 (C:\Users\Administrator\repos\Convert-SQL-Server-to-SQLite\DbAccess\SqlServerToSQLite.cs:842) - parsed table schema for [tmpexcesstable]
DEBUG 2022-12-10 12:28:04,593 (C:\Users\Administrator\repos\Convert-SQL-Server-to-SQLite\DbAccess\SqlServerToSQLite.cs:842) - parsed table schema for [CHECKscan_MICRExpr]
DEBUG 2022-12-10 12:28:05,127 (C:\Users\Administrator\repos\Convert-SQL-Server-to-SQLite\DbAccess\SqlServerToSQLite.cs:842) - parsed table schema for [icItemTypeKitXref]
DEBUG 2022-12-10 12:28:05,498 (C:\Users\Administrator\repos\Convert-SQL-Server-to-SQLite\DbAccess\SqlServerToSQLite.cs:842) - parsed table schema for [DCFMktReview]
DEBUG 2022-12-10 12:28:06,097 (C:\Users\Administrator\repos\Convert-SQL-Server-to-SQLite\DbAccess\SqlServerToSQLite.cs:842) - parsed table schema for [WODisplay]
DEBUG 2022-12-10 12:28:06,645 (C:\Users\Administrator\repos\Convert-SQL-Server-to-SQLite\DbAccess\SqlServerToSQLite.cs:842) - parsed table schema for [FDD_PortfolioSite]
DEBUG 2022-12-10 12:28:07,004 (C:\Users\Administrator\repos\Convert-SQL-Server-to-SQLite\DbAccess\SqlServerToSQLite.cs:842) - parsed table schema for [AssessmentItemList]
DEBUG 2022-12-10 12:28:07,362 (C:\Users\Administrator\repos\Convert-SQL-Server-to-SQLite\DbAccess\SqlServerToSQLite.cs:842) - parsed table schema for [MTWRentHardshipParam]
DEBUG 2022-12-10 12:28:07,911 (C:\Users\Administrator\repos\Convert-SQL-Server-to-SQLite\DbAccess\SqlServerToSQLite.cs:842) - parsed table schema for [SeniorCarePathSbarPain]
DEBUG 2022-12-10 12:28:08,246 (C:\Users\Administrator\repos\Convert-SQL-Server-to-SQLite\DbAccess\SqlServerToSQLite.cs:842) - parsed table schema for [CUREXCHRULEIDX]
DEBUG 2022-12-10 12:28:08,567 (C:\Users\Administrator\repos\Convert-SQL-Server-to-SQLite\DbAccess\SqlServerToSQLite.cs:842) - parsed table schema for [DCFSensitivityShockXRef]
DEBUG 2022-12-10 12:28:09,134 (C:\Users\Administrator\repos\Convert-SQL-Server-to-SQLite\DbAccess\SqlServerToSQLite.cs:842) - parsed table schema for [LOBOSFDD_ConditionBinding]
DEBUG 2022-12-10 12:28:09,475 (C:\Users\Administrator\repos\Convert-SQL-Server-to-SQLite\DbAccess\SqlServerToSQLite.cs:842) - parsed table schema for [ATTRIBUTES]
DEBUG 2022-12-10 12:28:10,051 (C:\Users\Administrator\repos\Convert-SQL-Server-to-SQLite\DbAccess\SqlServerToSQLite.cs:842) - parsed table schema for [PERSON]
DEBUG 2022-12-10 12:28:10,652 (C:\Users\Administrator\repos\Convert-SQL-Server-to-SQLite\DbAccess\SqlServerToSQLite.cs:842) - parsed table schema for [ascap_reskpi]
DEBUG 2022-12-10 12:28:10,991 (C:\Users\Administrator\repos\Convert-SQL-Server-to-SQLite\DbAccess\SqlServerToSQLite.cs:842) - parsed table schema for [CND_PROP_SERVICES]
DEBUG 2022-12-10 12:28:11,333 (C:\Users\Administrator\repos\Convert-SQL-Server-to-SQLite\DbAccess\SqlServerToSQLite.cs:842) - parsed table schema for [SeniorIncidentContactXref]
DEBUG 2022-12-10 12:28:11,895 (C:\Users\Administrator\repos\Convert-SQL-Server-to-SQLite\DbAccess\SqlServerToSQLite.cs:842) - parsed table schema for [CCGPARKINGPASS]
DEBUG 2022-12-10 12:28:12,239 (C:\Users\Administrator\repos\Convert-SQL-Server-to-SQLite\DbAccess\SqlServerToSQLite.cs:842) - parsed table schema for [GLTemplateRow]
DEBUG 2022-12-10 12:28:12,590 (C:\Users\Administrator\repos\Convert-SQL-Server-to-SQLite\DbAccess\SqlServerToSQLite.cs:842) - parsed table schema for [BGSECURE]
DEBUG 2022-12-10 12:28:12,926 (C:\Users\Administrator\repos\Convert-SQL-Server-to-SQLite\DbAccess\SqlServerToSQLite.cs:842) - parsed table schema for [ServiceChargeType]
DEBUG 2022-12-10 12:28:13,267 (C:\Users\Administrator\repos\Convert-SQL-Server-to-SQLite\DbAccess\SqlServerToSQLite.cs:842) - parsed table schema for [COMMCLAUSEGROUP]
DEBUG 2022-12-10 12:28:13,625 (C:\Users\Administrator\repos\Convert-SQL-Server-to-SQLite\DbAccess\SqlServerToSQLite.cs:842) - parsed table schema for [ONT_NX_FORMS_ADDR]
DEBUG 2022-12-10 12:28:13,964 (C:\Users\Administrator\repos\Convert-SQL-Server-to-SQLite\DbAccess\SqlServerToSQLite.cs:842) - parsed table schema for [CmPageConfig]
DEBUG 2022-12-10 12:28:14,333 (C:\Users\Administrator\repos\Convert-SQL-Server-to-SQLite\DbAccess\SqlServerToSQLite.cs:842) - parsed table schema for [SeniorGPRParam]
DEBUG 2022-12-10 12:28:14,692 (C:\Users\Administrator\repos\Convert-SQL-Server-to-SQLite\DbAccess\SqlServerToSQLite.cs:842) - parsed table schema for [cmVatNonRecoveryPercent]
DEBUG 2022-12-10 12:28:15,144 (C:\Users\Administrator\repos\Convert-SQL-Server-to-SQLite\DbAccess\SqlServerToSQLite.cs:842) - parsed table schema for [TIBillOutsideParty]
DEBUG 2022-12-10 12:28:15,512 (C:\Users\Administrator\repos\Convert-SQL-Server-to-SQLite\DbAccess\SqlServerToSQLite.cs:842) - parsed table schema for [ImportCommExpensepool]
DEBUG 2022-12-10 12:28:15,842 (C:\Users\Administrator\repos\Convert-SQL-Server-to-SQLite\DbAccess\SqlServerToSQLite.cs:842) - parsed table schema for [ICBPersonSetup]
DEBUG 2022-12-10 12:28:16,394 (C:\Users\Administrator\repos\Convert-SQL-Server-to-SQLite\DbAccess\SqlServerToSQLite.cs:842) - parsed table schema for [SeniorOrderPassVitalNotCharted]
DEBUG 2022-12-10 12:28:16,967 (C:\Users\Administrator\repos\Convert-SQL-Server-to-SQLite\DbAccess\SqlServerToSQLite.cs:842) - parsed table schema for [stuMoveInCharge]
DEBUG 2022-12-10 12:28:17,416 (C:\Users\Administrator\repos\Convert-SQL-Server-to-SQLite\DbAccess\SqlServerToSQLite.cs:842) - parsed table schema for [gprhistory]
DEBUG 2022-12-10 12:28:17,755 (C:\Users\Administrator\repos\Convert-SQL-Server-to-SQLite\DbAccess\SqlServerToSQLite.cs:842) - parsed table schema for [MortgageAPInterCompany]
DEBUG 2022-12-10 12:28:18,082 (C:\Users\Administrator\repos\Convert-SQL-Server-to-SQLite\DbAccess\SqlServerToSQLite.cs:842) - parsed table schema for [SeniorDocumentType]
DEBUG 2022-12-10 12:28:18,640 (C:\Users\Administrator\repos\Convert-SQL-Server-to-SQLite\DbAccess\SqlServerToSQLite.cs:842) - parsed table schema for [UtilityTransDetail]
DEBUG 2022-12-10 12:28:19,192 (C:\Users\Administrator\repos\Convert-SQL-Server-to-SQLite\DbAccess\SqlServerToSQLite.cs:842) - parsed table schema for [FSSWORKPLANITEM]
DEBUG 2022-12-10 12:28:19,530 (C:\Users\Administrator\repos\Convert-SQL-Server-to-SQLite\DbAccess\SqlServerToSQLite.cs:842) - parsed table schema for [AuditTableEntry]
DEBUG 2022-12-10 12:28:20,067 (C:\Users\Administrator\repos\Convert-SQL-Server-to-SQLite\DbAccess\SqlServerToSQLite.cs:842) - parsed table schema for [SHCrGiverTeamShiftTemplate]
DEBUG 2022-12-10 12:28:20,614 (C:\Users\Administrator\repos\Convert-SQL-Server-to-SQLite\DbAccess\SqlServerToSQLite.cs:842) - parsed table schema for [CorpCamRule]
DEBUG 2022-12-10 12:28:20,957 (C:\Users\Administrator\repos\Convert-SQL-Server-to-SQLite\DbAccess\SqlServerToSQLite.cs:842) - parsed table schema for [LegalAction]
DEBUG 2022-12-10 12:28:21,308 (C:\Users\Administrator\repos\Convert-SQL-Server-to-SQLite\DbAccess\SqlServerToSQLite.cs:842) - parsed table schema for [FFEFTScreenSetup]
DEBUG 2022-12-10 12:28:21,631 (C:\Users\Administrator\repos\Convert-SQL-Server-to-SQLite\DbAccess\SqlServerToSQLite.cs:842) - parsed table schema for [ETLRoleMap]
DEBUG 2022-12-10 12:28:21,989 (C:\Users\Administrator\repos\Convert-SQL-Server-to-SQLite\DbAccess\SqlServerToSQLite.cs:842) - parsed table schema for [APBXMASTERGENERAL]
DEBUG 2022-12-10 12:28:22,526 (C:\Users\Administrator\repos\Convert-SQL-Server-to-SQLite\DbAccess\SqlServerToSQLite.cs:842) - parsed table schema for [UtilityPropUtil_DWR]
DEBUG 2022-12-10 12:28:22,882 (C:\Users\Administrator\repos\Convert-SQL-Server-to-SQLite\DbAccess\SqlServerToSQLite.cs:842) - parsed table schema for [unit_status]
DEBUG 2022-12-10 12:28:23,240 (C:\Users\Administrator\repos\Convert-SQL-Server-to-SQLite\DbAccess\SqlServerToSQLite.cs:842) - parsed table schema for [ApbLeaseSCAcct]
DEBUG 2022-12-10 12:28:23,771 (C:\Users\Administrator\repos\Convert-SQL-Server-to-SQLite\DbAccess\SqlServerToSQLite.cs:842) - parsed table schema for [SFHProspectHistory]
DEBUG 2022-12-10 12:28:24,128 (C:\Users\Administrator\repos\Convert-SQL-Server-to-SQLite\DbAccess\SqlServerToSQLite.cs:842) - parsed table schema for [H8JPEIDQual]
DEBUG 2022-12-10 12:28:24,528 (C:\Users\Administrator\repos\Convert-SQL-Server-to-SQLite\DbAccess\SqlServerToSQLite.cs:842) - parsed table schema for [H8HOMEOWNERSHIP]
DEBUG 2022-12-10 12:28:24,864 (C:\Users\Administrator\repos\Convert-SQL-Server-to-SQLite\DbAccess\SqlServerToSQLite.cs:842) - parsed table schema for [NCREIFAttributeMapping]
DEBUG 2022-12-10 12:28:25,207 (C:\Users\Administrator\repos\Convert-SQL-Server-to-SQLite\DbAccess\SqlServerToSQLite.cs:842) - parsed table schema for [itf_CollectionsStatus]
DEBUG 2022-12-10 12:28:25,738 (C:\Users\Administrator\repos\Convert-SQL-Server-to-SQLite\DbAccess\SqlServerToSQLite.cs:842) - parsed table schema for [LOBOS_User]
DEBUG 2022-12-10 12:28:26,052 (C:\Users\Administrator\repos\Convert-SQL-Server-to-SQLite\DbAccess\SqlServerToSQLite.cs:842) - parsed table schema for [S_RECURPAYINV]
DEBUG 2022-12-10 12:28:26,422 (C:\Users\Administrator\repos\Convert-SQL-Server-to-SQLite\DbAccess\SqlServerToSQLite.cs:842) - parsed table schema for [tenant_history_audit]
DEBUG 2022-12-10 12:28:26,758 (C:\Users\Administrator\repos\Convert-SQL-Server-to-SQLite\DbAccess\SqlServerToSQLite.cs:842) - parsed table schema for [CommonBankXRefs_BT]
DEBUG 2022-12-10 12:28:27,095 (C:\Users\Administrator\repos\Convert-SQL-Server-to-SQLite\DbAccess\SqlServerToSQLite.cs:842) - parsed table schema for [CommMLA]
DEBUG 2022-12-10 12:28:27,432 (C:\Users\Administrator\repos\Convert-SQL-Server-to-SQLite\DbAccess\SqlServerToSQLite.cs:842) - parsed table schema for [CND_PROP_RENTINC]
DEBUG 2022-12-10 12:28:27,785 (C:\Users\Administrator\repos\Convert-SQL-Server-to-SQLite\DbAccess\SqlServerToSQLite.cs:842) - parsed table schema for [SeniorIncidentWorkflowConfiguration]
DEBUG 2022-12-10 12:28:28,140 (C:\Users\Administrator\repos\Convert-SQL-Server-to-SQLite\DbAccess\SqlServerToSQLite.cs:842) - parsed table schema for [CHARGEBACK]
DEBUG 2022-12-10 12:28:28,710 (C:\Users\Administrator\repos\Convert-SQL-Server-to-SQLite\DbAccess\SqlServerToSQLite.cs:842) - parsed table schema for [PREMPLOYEE]
DEBUG 2022-12-10 12:28:29,051 (C:\Users\Administrator\repos\Convert-SQL-Server-to-SQLite\DbAccess\SqlServerToSQLite.cs:842) - parsed table schema for [SeniorEventTxtConfig]
DEBUG 2022-12-10 12:28:29,383 (C:\Users\Administrator\repos\Convert-SQL-Server-to-SQLite\DbAccess\SqlServerToSQLite.cs:842) - parsed table schema for [SeniorIncidentResidentSideRails]
DEBUG 2022-12-10 12:28:29,739 (C:\Users\Administrator\repos\Convert-SQL-Server-to-SQLite\DbAccess\SqlServerToSQLite.cs:842) - parsed table schema for [GLApTemplate]
DEBUG 2022-12-10 12:28:30,060 (C:\Users\Administrator\repos\Convert-SQL-Server-to-SQLite\DbAccess\SqlServerToSQLite.cs:842) - parsed table schema for [SeniorGPRProperty]
DEBUG 2022-12-10 12:28:30,409 (C:\Users\Administrator\repos\Convert-SQL-Server-to-SQLite\DbAccess\SqlServerToSQLite.cs:842) - parsed table schema for [ImportCommIcs]
DEBUG 2022-12-10 12:28:30,958 (C:\Users\Administrator\repos\Convert-SQL-Server-to-SQLite\DbAccess\SqlServerToSQLite.cs:842) - parsed table schema for [DCFJournalResOccupXRef]
DEBUG 2022-12-10 12:28:31,376 (C:\Users\Administrator\repos\Convert-SQL-Server-to-SQLite\DbAccess\SqlServerToSQLite.cs:842) - parsed table schema for [AttributeXrefHistory]
DEBUG 2022-12-10 12:28:31,770 (C:\Users\Administrator\repos\Convert-SQL-Server-to-SQLite\DbAccess\SqlServerToSQLite.cs:842) - parsed table schema for [tenantnew]
DEBUG 2022-12-10 12:28:32,181 (C:\Users\Administrator\repos\Convert-SQL-Server-to-SQLite\DbAccess\SqlServerToSQLite.cs:842) - parsed table schema for [MortgageAPMultiCurrency]
DEBUG 2022-12-10 12:28:32,535 (C:\Users\Administrator\repos\Convert-SQL-Server-to-SQLite\DbAccess\SqlServerToSQLite.cs:842) - parsed table schema for [ResCrmTemplateDetailSourceXRef]
DEBUG 2022-12-10 12:28:32,883 (C:\Users\Administrator\repos\Convert-SQL-Server-to-SQLite\DbAccess\SqlServerToSQLite.cs:842) - parsed table schema for [AuditTableEntryDetail]
DEBUG 2022-12-10 12:28:33,223 (C:\Users\Administrator\repos\Convert-SQL-Server-to-SQLite\DbAccess\SqlServerToSQLite.cs:842) - parsed table schema for [LOBOSFDD_Application]
DEBUG 2022-12-10 12:28:33,770 (C:\Users\Administrator\repos\Convert-SQL-Server-to-SQLite\DbAccess\SqlServerToSQLite.cs:842) - parsed table schema for [UtilityPricing]
DEBUG 2022-12-10 12:28:34,113 (C:\Users\Administrator\repos\Convert-SQL-Server-to-SQLite\DbAccess\SqlServerToSQLite.cs:842) - parsed table schema for [SeniorOrderHoldHistory]
DEBUG 2022-12-10 12:28:34,488 (C:\Users\Administrator\repos\Convert-SQL-Server-to-SQLite\DbAccess\SqlServerToSQLite.cs:842) - parsed table schema for [Y2YImportEventLog]
DEBUG 2022-12-10 12:28:34,864 (C:\Users\Administrator\repos\Convert-SQL-Server-to-SQLite\DbAccess\SqlServerToSQLite.cs:842) - parsed table schema for [PropertyNames_Me]
DEBUG 2022-12-10 12:28:35,209 (C:\Users\Administrator\repos\Convert-SQL-Server-to-SQLite\DbAccess\SqlServerToSQLite.cs:842) - parsed table schema for [FloorPlan]
DEBUG 2022-12-10 12:28:35,589 (C:\Users\Administrator\repos\Convert-SQL-Server-to-SQLite\DbAccess\SqlServerToSQLite.cs:842) - parsed table schema for [Camrule_History]
DEBUG 2022-12-10 12:28:35,964 (C:\Users\Administrator\repos\Convert-SQL-Server-to-SQLite\DbAccess\SqlServerToSQLite.cs:842) - parsed table schema for [H8INCOME]
DEBUG 2022-12-10 12:28:36,497 (C:\Users\Administrator\repos\Convert-SQL-Server-to-SQLite\DbAccess\SqlServerToSQLite.cs:842) - parsed table schema for [DCFMktReviewPropChargeXRef]
DEBUG 2022-12-10 12:28:36,841 (C:\Users\Administrator\repos\Convert-SQL-Server-to-SQLite\DbAccess\SqlServerToSQLite.cs:842) - parsed table schema for [SeniorMedicaidBillingWorkSheetTransmission]
DEBUG 2022-12-10 12:28:37,224 (C:\Users\Administrator\repos\Convert-SQL-Server-to-SQLite\DbAccess\SqlServerToSQLite.cs:842) - parsed table schema for [NCREIFPropertyData]
DEBUG 2022-12-10 12:28:37,782 (C:\Users\Administrator\repos\Convert-SQL-Server-to-SQLite\DbAccess\SqlServerToSQLite.cs:842) - parsed table schema for [FDD_Preset]
DEBUG 2022-12-10 12:28:38,161 (C:\Users\Administrator\repos\Convert-SQL-Server-to-SQLite\DbAccess\SqlServerToSQLite.cs:842) - parsed table schema for [Import_And_Post_Prepay_SPData]
DEBUG 2022-12-10 12:28:38,517 (C:\Users\Administrator\repos\Convert-SQL-Server-to-SQLite\DbAccess\SqlServerToSQLite.cs:842) - parsed table schema for [AssessmentResult]
DEBUG 2022-12-10 12:28:38,878 (C:\Users\Administrator\repos\Convert-SQL-Server-to-SQLite\DbAccess\SqlServerToSQLite.cs:842) - parsed table schema for [milp_TenantBatch]
DEBUG 2022-12-10 12:28:39,465 (C:\Users\Administrator\repos\Convert-SQL-Server-to-SQLite\DbAccess\SqlServerToSQLite.cs:842) - parsed table schema for [BIWidgetDashboardTypeLink]
DEBUG 2022-12-10 12:28:39,821 (C:\Users\Administrator\repos\Convert-SQL-Server-to-SQLite\DbAccess\SqlServerToSQLite.cs:842) - parsed table schema for [EFTMultipleFileSetup]
DEBUG 2022-12-10 12:28:40,180 (C:\Users\Administrator\repos\Convert-SQL-Server-to-SQLite\DbAccess\SqlServerToSQLite.cs:842) - parsed table schema for [H8TenantReferral]
DEBUG 2022-12-10 12:28:40,529 (C:\Users\Administrator\repos\Convert-SQL-Server-to-SQLite\DbAccess\SqlServerToSQLite.cs:842) - parsed table schema for [DCFRollupAnalysisXRef]
DEBUG 2022-12-10 12:28:40,898 (C:\Users\Administrator\repos\Convert-SQL-Server-to-SQLite\DbAccess\SqlServerToSQLite.cs:842) - parsed table schema for [A_RGFAMILY]
DEBUG 2022-12-10 12:28:41,273 (C:\Users\Administrator\repos\Convert-SQL-Server-to-SQLite\DbAccess\SqlServerToSQLite.cs:842) - parsed table schema for [CND_UNIT_RENT_HISTORY]
DEBUG 2022-12-10 12:28:41,621 (C:\Users\Administrator\repos\Convert-SQL-Server-to-SQLite\DbAccess\SqlServerToSQLite.cs:842) - parsed table schema for [SeniorIncidentWorkflowConfigurationDetail]
DEBUG 2022-12-10 12:28:42,011 (C:\Users\Administrator\repos\Convert-SQL-Server-to-SQLite\DbAccess\SqlServerToSQLite.cs:842) - parsed table schema for [CMFUNDINGSOURCE]
DEBUG 2022-12-10 12:28:42,390 (C:\Users\Administrator\repos\Convert-SQL-Server-to-SQLite\DbAccess\SqlServerToSQLite.cs:842) - parsed table schema for [H8ReceiptDetail]
DEBUG 2022-12-10 12:28:42,926 (C:\Users\Administrator\repos\Convert-SQL-Server-to-SQLite\DbAccess\SqlServerToSQLite.cs:842) - parsed table schema for [FaRevaluation]
DEBUG 2022-12-10 12:28:43,304 (C:\Users\Administrator\repos\Convert-SQL-Server-to-SQLite\DbAccess\SqlServerToSQLite.cs:842) - parsed table schema for [Crcd_MercConvFeeXRef]
DEBUG 2022-12-10 12:28:43,657 (C:\Users\Administrator\repos\Convert-SQL-Server-to-SQLite\DbAccess\SqlServerToSQLite.cs:842) - parsed table schema for [H8HUDAcct]
DEBUG 2022-12-10 12:28:44,033 (C:\Users\Administrator\repos\Convert-SQL-Server-to-SQLite\DbAccess\SqlServerToSQLite.cs:842) - parsed table schema for [BUILDING]
DEBUG 2022-12-10 12:28:44,377 (C:\Users\Administrator\repos\Convert-SQL-Server-to-SQLite\DbAccess\SqlServerToSQLite.cs:842) - parsed table schema for [COMMCLAUSEGROUPDETAIL]
DEBUG 2022-12-10 12:28:44,729 (C:\Users\Administrator\repos\Convert-SQL-Server-to-SQLite\DbAccess\SqlServerToSQLite.cs:842) - parsed table schema for [ONT_NX_FORMS_ADDR_U]
DEBUG 2022-12-10 12:28:45,044 (C:\Users\Administrator\repos\Convert-SQL-Server-to-SQLite\DbAccess\SqlServerToSQLite.cs:842) - parsed table schema for [SeniorDSSIFiles]
DEBUG 2022-12-10 12:28:45,583 (C:\Users\Administrator\repos\Convert-SQL-Server-to-SQLite\DbAccess\SqlServerToSQLite.cs:842) - parsed table schema for [IPlusWFTask]
DEBUG 2022-12-10 12:28:45,943 (C:\Users\Administrator\repos\Convert-SQL-Server-to-SQLite\DbAccess\SqlServerToSQLite.cs:842) - parsed table schema for [TICoverage]
DEBUG 2022-12-10 12:28:46,305 (C:\Users\Administrator\repos\Convert-SQL-Server-to-SQLite\DbAccess\SqlServerToSQLite.cs:842) - parsed table schema for [ImportCommOptions]
DEBUG 2022-12-10 12:28:46,669 (C:\Users\Administrator\repos\Convert-SQL-Server-to-SQLite\DbAccess\SqlServerToSQLite.cs:842) - parsed table schema for [ABSORB]
DEBUG 2022-12-10 12:28:47,005 (C:\Users\Administrator\repos\Convert-SQL-Server-to-SQLite\DbAccess\SqlServerToSQLite.cs:842) - parsed table schema for [CheckPreview2]
DEBUG 2022-12-10 12:28:47,395 (C:\Users\Administrator\repos\Convert-SQL-Server-to-SQLite\DbAccess\SqlServerToSQLite.cs:842) - parsed table schema for [VPYSRPageType]
DEBUG 2022-12-10 12:28:47,747 (C:\Users\Administrator\repos\Convert-SQL-Server-to-SQLite\DbAccess\SqlServerToSQLite.cs:842) - parsed table schema for [LegalBatch]
DEBUG 2022-12-10 12:28:48,099 (C:\Users\Administrator\repos\Convert-SQL-Server-to-SQLite\DbAccess\SqlServerToSQLite.cs:842) - parsed table schema for [IPlusReport]
DEBUG 2022-12-10 12:28:48,439 (C:\Users\Administrator\repos\Convert-SQL-Server-to-SQLite\DbAccess\SqlServerToSQLite.cs:842) - parsed table schema for [CriticalDates]
DEBUG 2022-12-10 12:28:48,987 (C:\Users\Administrator\repos\Convert-SQL-Server-to-SQLite\DbAccess\SqlServerToSQLite.cs:842) - parsed table schema for [VPDashboardWidget]
DEBUG 2022-12-10 12:28:49,529 (C:\Users\Administrator\repos\Convert-SQL-Server-to-SQLite\DbAccess\SqlServerToSQLite.cs:842) - parsed table schema for [H8JPEIDHistory]
DEBUG 2022-12-10 12:28:49,866 (C:\Users\Administrator\repos\Convert-SQL-Server-to-SQLite\DbAccess\SqlServerToSQLite.cs:842) - parsed table schema for [DCP_TEMPLATEGROUPXREF]
DEBUG 2022-12-10 12:28:50,414 (C:\Users\Administrator\repos\Convert-SQL-Server-to-SQLite\DbAccess\SqlServerToSQLite.cs:842) - parsed table schema for [WOBusinessHours]
DEBUG 2022-12-10 12:28:50,739 (C:\Users\Administrator\repos\Convert-SQL-Server-to-SQLite\DbAccess\SqlServerToSQLite.cs:842) - parsed table schema for [itf_WriteOffCodes]
DEBUG 2022-12-10 12:28:51,075 (C:\Users\Administrator\repos\Convert-SQL-Server-to-SQLite\DbAccess\SqlServerToSQLite.cs:842) - parsed table schema for [tESTTABLEYEE]
DEBUG 2022-12-10 12:28:51,401 (C:\Users\Administrator\repos\Convert-SQL-Server-to-SQLite\DbAccess\SqlServerToSQLite.cs:842) - parsed table schema for [AssessmentSection]
DEBUG 2022-12-10 12:28:51,755 (C:\Users\Administrator\repos\Convert-SQL-Server-to-SQLite\DbAccess\SqlServerToSQLite.cs:842) - parsed table schema for [IPlusTargetTemplate]
DEBUG 2022-12-10 12:28:52,093 (C:\Users\Administrator\repos\Convert-SQL-Server-to-SQLite\DbAccess\SqlServerToSQLite.cs:842) - parsed table schema for [ScnImgHdr]
DEBUG 2022-12-10 12:28:52,625 (C:\Users\Administrator\repos\Convert-SQL-Server-to-SQLite\DbAccess\SqlServerToSQLite.cs:842) - parsed table schema for [TSScheduleBlackout]
DEBUG 2022-12-10 12:28:52,957 (C:\Users\Administrator\repos\Convert-SQL-Server-to-SQLite\DbAccess\SqlServerToSQLite.cs:842) - parsed table schema for [PMGroupExpTypeXRef]
DEBUG 2022-12-10 12:28:53,326 (C:\Users\Administrator\repos\Convert-SQL-Server-to-SQLite\DbAccess\SqlServerToSQLite.cs:842) - parsed table schema for [CommonGLAccounts_BT]
DEBUG 2022-12-10 12:28:53,664 (C:\Users\Administrator\repos\Convert-SQL-Server-to-SQLite\DbAccess\SqlServerToSQLite.cs:842) - parsed table schema for [CUREXCHRULES]
DEBUG 2022-12-10 12:28:53,989 (C:\Users\Administrator\repos\Convert-SQL-Server-to-SQLite\DbAccess\SqlServerToSQLite.cs:842) - parsed table schema for [SUBGROUP1]
DEBUG 2022-12-10 12:28:54,520 (C:\Users\Administrator\repos\Convert-SQL-Server-to-SQLite\DbAccess\SqlServerToSQLite.cs:842) - parsed table schema for [LOBOSFDD_PointValRollupDaily]
DEBUG 2022-12-10 12:28:54,864 (C:\Users\Administrator\repos\Convert-SQL-Server-to-SQLite\DbAccess\SqlServerToSQLite.cs:842) - parsed table schema for [A_RGMember]
DEBUG 2022-12-10 12:28:55,208 (C:\Users\Administrator\repos\Convert-SQL-Server-to-SQLite\DbAccess\SqlServerToSQLite.cs:842) - parsed table schema for [CND_LEASE_RENEWAL]
DEBUG 2022-12-10 12:28:55,528 (C:\Users\Administrator\repos\Convert-SQL-Server-to-SQLite\DbAccess\SqlServerToSQLite.cs:842) - parsed table schema for [SeniorIncidentWorkflowConfigurationProperty]
DEBUG 2022-12-10 12:28:55,895 (C:\Users\Administrator\repos\Convert-SQL-Server-to-SQLite\DbAccess\SqlServerToSQLite.cs:842) - parsed table schema for [PREMPTOT]
DEBUG 2022-12-10 12:28:56,248 (C:\Users\Administrator\repos\Convert-SQL-Server-to-SQLite\DbAccess\SqlServerToSQLite.cs:842) - parsed table schema for [SeniorEventReviewConfig]
DEBUG 2022-12-10 12:28:56,586 (C:\Users\Administrator\repos\Convert-SQL-Server-to-SQLite\DbAccess\SqlServerToSQLite.cs:842) - parsed table schema for [SeniorIncidentMedicationError]
DEBUG 2022-12-10 12:28:56,928 (C:\Users\Administrator\repos\Convert-SQL-Server-to-SQLite\DbAccess\SqlServerToSQLite.cs:842) - parsed table schema for [SeniorDSSIConfig]
DEBUG 2022-12-10 12:28:57,467 (C:\Users\Administrator\repos\Convert-SQL-Server-to-SQLite\DbAccess\SqlServerToSQLite.cs:842) - parsed table schema for [icMilPurchaseReqDet]
DEBUG 2022-12-10 12:28:57,798 (C:\Users\Administrator\repos\Convert-SQL-Server-to-SQLite\DbAccess\SqlServerToSQLite.cs:842) - parsed table schema for [ImportCommPropConfig]
DEBUG 2022-12-10 12:28:58,365 (C:\Users\Administrator\repos\Convert-SQL-Server-to-SQLite\DbAccess\SqlServerToSQLite.cs:842) - parsed table schema for [LISTPROP_History]
DEBUG 2022-12-10 12:28:58,920 (C:\Users\Administrator\repos\Convert-SQL-Server-to-SQLite\DbAccess\SqlServerToSQLite.cs:842) - parsed table schema for [SeniorPharmacyPropertyComm]
DEBUG 2022-12-10 12:28:59,454 (C:\Users\Administrator\repos\Convert-SQL-Server-to-SQLite\DbAccess\SqlServerToSQLite.cs:842) - parsed table schema for [TIClaimHistory]
DEBUG 2022-12-10 12:28:59,792 (C:\Users\Administrator\repos\Convert-SQL-Server-to-SQLite\DbAccess\SqlServerToSQLite.cs:842) - parsed table schema for [CTR_LienRelease]
DEBUG 2022-12-10 12:29:00,127 (C:\Users\Administrator\repos\Convert-SQL-Server-to-SQLite\DbAccess\SqlServerToSQLite.cs:842) - parsed table schema for [CheckRewriteLOG]
DEBUG 2022-12-10 12:29:00,675 (C:\Users\Administrator\repos\Convert-SQL-Server-to-SQLite\DbAccess\SqlServerToSQLite.cs:842) - parsed table schema for [LOBOSFDD_FaultNotificationSubscription]
DEBUG 2022-12-10 12:29:01,038 (C:\Users\Administrator\repos\Convert-SQL-Server-to-SQLite\DbAccess\SqlServerToSQLite.cs:842) - parsed table schema for [SeniorOrder]
DEBUG 2022-12-10 12:29:01,404 (C:\Users\Administrator\repos\Convert-SQL-Server-to-SQLite\DbAccess\SqlServerToSQLite.cs:842) - parsed table schema for [Y2YImportEventLogObjSelection]
DEBUG 2022-12-10 12:29:01,872 (C:\Users\Administrator\repos\Convert-SQL-Server-to-SQLite\DbAccess\SqlServerToSQLite.cs:842) - parsed table schema for [Vicai_Filters]
DEBUG 2022-12-10 12:29:02,289 (C:\Users\Administrator\repos\Convert-SQL-Server-to-SQLite\DbAccess\SqlServerToSQLite.cs:842) - parsed table schema for [FinVendors_Me]
DEBUG 2022-12-10 12:29:02,643 (C:\Users\Administrator\repos\Convert-SQL-Server-to-SQLite\DbAccess\SqlServerToSQLite.cs:842) - parsed table schema for [MortgagePARAM]
DEBUG 2022-12-10 12:29:02,982 (C:\Users\Administrator\repos\Convert-SQL-Server-to-SQLite\DbAccess\SqlServerToSQLite.cs:842) - parsed table schema for [leasemonths]
DEBUG 2022-12-10 12:29:03,331 (C:\Users\Administrator\repos\Convert-SQL-Server-to-SQLite\DbAccess\SqlServerToSQLite.cs:842) - parsed table schema for [Delete_Capital_Batch_With_Payable]
DEBUG 2022-12-10 12:29:03,906 (C:\Users\Administrator\repos\Convert-SQL-Server-to-SQLite\DbAccess\SqlServerToSQLite.cs:842) - parsed table schema for [UtilityPropMeter]
DEBUG 2022-12-10 12:29:04,454 (C:\Users\Administrator\repos\Convert-SQL-Server-to-SQLite\DbAccess\SqlServerToSQLite.cs:842) - parsed table schema for [discussions_BIEditorSettingsDiscussionContext]
DEBUG 2022-12-10 12:29:04,790 (C:\Users\Administrator\repos\Convert-SQL-Server-to-SQLite\DbAccess\SqlServerToSQLite.cs:842) - parsed table schema for [SHCrPlanTaskWeekView]
DEBUG 2022-12-10 12:29:05,117 (C:\Users\Administrator\repos\Convert-SQL-Server-to-SQLite\DbAccess\SqlServerToSQLite.cs:842) - parsed table schema for [WebserviceObjectModifications]
DEBUG 2022-12-10 12:29:05,525 (C:\Users\Administrator\repos\Convert-SQL-Server-to-SQLite\DbAccess\SqlServerToSQLite.cs:842) - parsed table schema for [H8MAXRENT]
DEBUG 2022-12-10 12:29:05,989 (C:\Users\Administrator\repos\Convert-SQL-Server-to-SQLite\DbAccess\SqlServerToSQLite.cs:842) - parsed table schema for [h8RADQual]
DEBUG 2022-12-10 12:29:06,424 (C:\Users\Administrator\repos\Convert-SQL-Server-to-SQLite\DbAccess\SqlServerToSQLite.cs:842) - parsed table schema for [NCREIF_History]
DEBUG 2022-12-10 12:29:06,772 (C:\Users\Administrator\repos\Convert-SQL-Server-to-SQLite\DbAccess\SqlServerToSQLite.cs:842) - parsed table schema for [ERS_Segment_Update]
DEBUG 2022-12-10 12:29:07,099 (C:\Users\Administrator\repos\Convert-SQL-Server-to-SQLite\DbAccess\SqlServerToSQLite.cs:842) - parsed table schema for [AssessmentSectionResult]
DEBUG 2022-12-10 12:29:07,453 (C:\Users\Administrator\repos\Convert-SQL-Server-to-SQLite\DbAccess\SqlServerToSQLite.cs:842) - parsed table schema for [milp_TenantBatchDetail]
DEBUG 2022-12-10 12:29:07,993 (C:\Users\Administrator\repos\Convert-SQL-Server-to-SQLite\DbAccess\SqlServerToSQLite.cs:842) - parsed table schema for [H8TenantReferralDet]
DEBUG 2022-12-10 12:29:08,589 (C:\Users\Administrator\repos\Convert-SQL-Server-to-SQLite\DbAccess\SqlServerToSQLite.cs:842) - parsed table schema for [VENDOR]
DEBUG 2022-12-10 12:29:09,118 (C:\Users\Administrator\repos\Convert-SQL-Server-to-SQLite\DbAccess\SqlServerToSQLite.cs:842) - parsed table schema for [PpmTaskTemplateXref]
DEBUG 2022-12-10 12:29:09,450 (C:\Users\Administrator\repos\Convert-SQL-Server-to-SQLite\DbAccess\SqlServerToSQLite.cs:842) - parsed table schema for [odmFolderConfig]
DEBUG 2022-12-10 12:29:10,045 (C:\Users\Administrator\repos\Convert-SQL-Server-to-SQLite\DbAccess\SqlServerToSQLite.cs:842) - parsed table schema for [CommSchedule]
DEBUG 2022-12-10 12:29:10,391 (C:\Users\Administrator\repos\Convert-SQL-Server-to-SQLite\DbAccess\SqlServerToSQLite.cs:842) - parsed table schema for [A_RS_TenantRentSup]
DEBUG 2022-12-10 12:29:10,731 (C:\Users\Administrator\repos\Convert-SQL-Server-to-SQLite\DbAccess\SqlServerToSQLite.cs:842) - parsed table schema for [BC_RTB_WK]
DEBUG 2022-12-10 12:29:11,073 (C:\Users\Administrator\repos\Convert-SQL-Server-to-SQLite\DbAccess\SqlServerToSQLite.cs:842) - parsed table schema for [SeniorIncidentActionPlanConfiguration]
DEBUG 2022-12-10 12:29:11,412 (C:\Users\Administrator\repos\Convert-SQL-Server-to-SQLite\DbAccess\SqlServerToSQLite.cs:842) - parsed table schema for [CommFloorPlanAllowedMetrics]
DEBUG 2022-12-10 12:29:11,753 (C:\Users\Administrator\repos\Convert-SQL-Server-to-SQLite\DbAccess\SqlServerToSQLite.cs:842) - parsed table schema for [CMFUNDINGSOURCEBUDGET]
DEBUG 2022-12-10 12:29:12,121 (C:\Users\Administrator\repos\Convert-SQL-Server-to-SQLite\DbAccess\SqlServerToSQLite.cs:842) - parsed table schema for [H8ReceiptHeader]
DEBUG 2022-12-10 12:29:12,468 (C:\Users\Administrator\repos\Convert-SQL-Server-to-SQLite\DbAccess\SqlServerToSQLite.cs:842) - parsed table schema for [H8HUDAcctXRef]
DEBUG 2022-12-10 12:29:12,795 (C:\Users\Administrator\repos\Convert-SQL-Server-to-SQLite\DbAccess\SqlServerToSQLite.cs:842) - parsed table schema for [ImportPayableJSSTest]
DEBUG 2022-12-10 12:29:13,128 (C:\Users\Administrator\repos\Convert-SQL-Server-to-SQLite\DbAccess\SqlServerToSQLite.cs:842) - parsed table schema for [BUILDINGFIELDS]
DEBUG 2022-12-10 12:29:13,430 (C:\Users\Administrator\repos\Convert-SQL-Server-to-SQLite\DbAccess\SqlServerToSQLite.cs:842) - parsed table schema for [ServiceMap]
DEBUG 2022-12-10 12:29:13,809 (C:\Users\Administrator\repos\Convert-SQL-Server-to-SQLite\DbAccess\SqlServerToSQLite.cs:842) - parsed table schema for [icBillingTrans]
DEBUG 2022-12-10 12:29:14,148 (C:\Users\Administrator\repos\Convert-SQL-Server-to-SQLite\DbAccess\SqlServerToSQLite.cs:842) - parsed table schema for [OpenPGP]
DEBUG 2022-12-10 12:29:14,441 (C:\Users\Administrator\repos\Convert-SQL-Server-to-SQLite\DbAccess\SqlServerToSQLite.cs:842) - parsed table schema for [unposted_backfeed]
DEBUG 2022-12-10 12:29:14,776 (C:\Users\Administrator\repos\Convert-SQL-Server-to-SQLite\DbAccess\SqlServerToSQLite.cs:842) - parsed table schema for [CmUnitRenovation]
DEBUG 2022-12-10 12:29:15,122 (C:\Users\Administrator\repos\Convert-SQL-Server-to-SQLite\DbAccess\SqlServerToSQLite.cs:842) - parsed table schema for [TIDefaultAccounts]
DEBUG 2022-12-10 12:29:15,458 (C:\Users\Administrator\repos\Convert-SQL-Server-to-SQLite\DbAccess\SqlServerToSQLite.cs:842) - parsed table schema for [ImportCommPropExpensePool]
